<?xml version="1.0" encoding="UTF-8"?>
<!-- Generated by org.testng.reporters.JUnitXMLReporter -->
<testsuite ignored="0" hostname="SBikumalla" failures="0" tests="3" name="Learning Jenkins" time="15.503" errors="0" timestamp="2020-02-24T16:13:48 IST">
  <testcase classname="Selenium.Automation.scrollDown" name="@BeforeTest DriverInitialization" time="15.465">
    <failure type="org.openqa.selenium.SessionNotCreatedException" message="session not created
from chrome not reachable
  (Session info: chrome=80.0.3987.116)
Build info: version: &amp;apos;3.141.59&amp;apos;, revision: &amp;apos;e82be7d358&amp;apos;, time: &amp;apos;2018-11-14T08:17:03&amp;apos;
System info: host: &amp;apos;SBIKUMALLA&amp;apos;, ip: &amp;apos;192.168.15.146&amp;apos;, os.name: &amp;apos;Windows 10&amp;apos;, os.arch: &amp;apos;amd64&amp;apos;, os.version: &amp;apos;10.0&amp;apos;, java.version: &amp;apos;13&amp;apos;
Driver info: driver.version: ChromeDriver
remote stacktrace: Backtrace:
	Ordinal0 [0x009EA113+1548563]
	Ordinal0 [0x0096DDA1+1039777]
	Ordinal0 [0x008EE32E+516910]
	Ordinal0 [0x008E8012+491538]
	Ordinal0 [0x008E86EB+493291]
	Ordinal0 [0x008E9855+497749]
	Ordinal0 [0x008E5885+481413]
	Ordinal0 [0x008EF0D0+520400]
	Ordinal0 [0x0089C030+180272]
	Ordinal0 [0x0089B59D+177565]
	Ordinal0 [0x008995FB+169467]
	Ordinal0 [0x0088160A+71178]
	Ordinal0 [0x00882690+75408]
	Ordinal0 [0x00882629+75305]
	Ordinal0 [0x009871B7+1143223]
	GetHandleVerifier [0x00A82B46+507814]
	GetHandleVerifier [0x00A82864+507076]
	GetHandleVerifier [0x00A89F47+537511]
	GetHandleVerifier [0x00A83402+510050]
	Ordinal0 [0x0097F29C+1110684]
	Ordinal0 [0x0098938B+1151883]
	Ordinal0 [0x009894F3+1152243]
	Ordinal0 [0x009883F5+1147893]
	BaseThreadInitThunk [0x75EA6359+25]
	RtlGetAppContainerNamedObjectPath [0x776E7B74+228]
	RtlGetAppContainerNamedObjectPath [0x776E7B44+180]
">
      <![CDATA[org.openqa.selenium.SessionNotCreatedException: session not created
from chrome not reachable
  (Session info: chrome=80.0.3987.116)
Build info: version: '3.141.59', revision: 'e82be7d358', time: '2018-11-14T08:17:03'
System info: host: 'SBIKUMALLA', ip: '192.168.15.146', os.name: 'Windows 10', os.arch: 'amd64', os.version: '10.0', java.version: '13'
Driver info: driver.version: ChromeDriver
remote stacktrace: Backtrace:
Ordinal0 [0x009EA113+1548563]
Ordinal0 [0x0096DDA1+1039777]
Ordinal0 [0x008EE32E+516910]
Ordinal0 [0x008E8012+491538]
Ordinal0 [0x008E86EB+493291]
Ordinal0 [0x008E9855+497749]
Ordinal0 [0x008E5885+481413]
Ordinal0 [0x008EF0D0+520400]
Ordinal0 [0x0089C030+180272]
Ordinal0 [0x0089B59D+177565]
Ordinal0 [0x008995FB+169467]
Ordinal0 [0x0088160A+71178]
Ordinal0 [0x00882690+75408]
Ordinal0 [0x00882629+75305]
Ordinal0 [0x009871B7+1143223]
GetHandleVerifier [0x00A82B46+507814]
GetHandleVerifier [0x00A82864+507076]
GetHandleVerifier [0x00A89F47+537511]
GetHandleVerifier [0x00A83402+510050]
Ordinal0 [0x0097F29C+1110684]
Ordinal0 [0x0098938B+1151883]
Ordinal0 [0x009894F3+1152243]
Ordinal0 [0x009883F5+1147893]
BaseThreadInitThunk [0x75EA6359+25]
RtlGetAppContainerNamedObjectPath [0x776E7B74+228]
RtlGetAppContainerNamedObjectPath [0x776E7B44+180]

at org.openqa.selenium.remote.W3CHandshakeResponse.lambda$errorHandler$0(W3CHandshakeResponse.java:62)
at org.openqa.selenium.remote.HandshakeResponse.lambda$getResponseFunction$0(HandshakeResponse.java:30)
at org.openqa.selenium.remote.ProtocolHandshake.lambda$createSession$0(ProtocolHandshake.java:126)
at java.base/java.util.stream.ReferencePipeline$3$1.accept(ReferencePipeline.java:195)
at java.base/java.util.Spliterators$ArraySpliterator.tryAdvance(Spliterators.java:958)
at java.base/java.util.stream.ReferencePipeline.forEachWithCancel(ReferencePipeline.java:127)
at java.base/java.util.stream.AbstractPipeline.copyIntoWithCancel(AbstractPipeline.java:502)
at java.base/java.util.stream.AbstractPipeline.copyInto(AbstractPipeline.java:488)
at java.base/java.util.stream.AbstractPipeline.wrapAndCopyInto(AbstractPipeline.java:474)
at java.base/java.util.stream.FindOps$FindOp.evaluateSequential(FindOps.java:150)
at java.base/java.util.stream.AbstractPipeline.evaluate(AbstractPipeline.java:234)
at java.base/java.util.stream.ReferencePipeline.findFirst(ReferencePipeline.java:543)
at org.openqa.selenium.remote.ProtocolHandshake.createSession(ProtocolHandshake.java:128)
at org.openqa.selenium.remote.ProtocolHandshake.createSession(ProtocolHandshake.java:74)
at org.openqa.selenium.remote.HttpCommandExecutor.execute(HttpCommandExecutor.java:136)
at org.openqa.selenium.remote.service.DriverCommandExecutor.execute(DriverCommandExecutor.java:83)
at org.openqa.selenium.remote.RemoteWebDriver.execute(RemoteWebDriver.java:552)
at org.openqa.selenium.remote.RemoteWebDriver.startSession(RemoteWebDriver.java:213)
at org.openqa.selenium.remote.RemoteWebDriver.<init>(RemoteWebDriver.java:131)
at org.openqa.selenium.chrome.ChromeDriver.<init>(ChromeDriver.java:181)
at org.openqa.selenium.chrome.ChromeDriver.<init>(ChromeDriver.java:168)
at org.openqa.selenium.chrome.ChromeDriver.<init>(ChromeDriver.java:157)
at Selenium.Automation.scrollDown.DriverInitialization(scrollDown.java:29)
... Removed 29 stack frames]]>
    </failure>
  </testcase> <!-- @BeforeTest DriverInitialization -->
  <testcase classname="Selenium.Automation.scrollDown" name="Scroll" time="0.0">
    <skipped/>
  </testcase> <!-- Scroll -->
  <testcase classname="Selenium.Automation.scrollDown" name="harsha" time="0.0">
    <skipped/>
  </testcase> <!-- harsha -->
  <testcase classname="Selenium.Automation.scrollDown" name="harshab" time="0.0">
    <skipped/>
  </testcase> <!-- harshab -->
</testsuite> <!-- Learning Jenkins -->
